<?xml version="1.0" encoding="UTF-8"?>
<testng-results ignored="0" total="2" passed="2" failed="0" skipped="0">
  <reporter-output>
  </reporter-output>
  <suite started-at="2024-04-20T03:53:20 BDT" name="Suite" finished-at="2024-04-20T03:54:28 BDT" duration-ms="68888">
    <groups>
    </groups>
    <test started-at="2024-04-20T03:53:20 BDT" name="Test" finished-at="2024-04-20T03:54:28 BDT" duration-ms="68888">
      <class name="testcases.placeOrderTest">
        <test-method is-config="true" signature="setBrowser()[pri:0, instance:testcases.placeOrderTest@2fd953a6]" started-at="2024-04-20T03:53:44 BDT" name="setBrowser" finished-at="2024-04-20T03:53:47 BDT" duration-ms="2597" status="PASS">
          <reporter-output>
          </reporter-output>
        </test-method> <!-- setBrowser -->
        <test-method signature="placeOrderWithValidCredentials(java.lang.String,java.lang.String,java.lang.String,java.lang.String,java.lang.String,java.lang.String,java.lang.String,java.lang.String,java.lang.String,java.lang.String,java.lang.String,java.lang.String)[pri:0, instance:testcases.placeOrderTest@2fd953a6]" started-at="2024-04-20T03:53:47 BDT" name="placeOrderWithValidCredentials" data-provider="dynamicTestData" finished-at="2024-04-20T03:54:27 BDT" duration-ms="40341" status="PASS">
          <params>
            <param index="0">
              <value>
                <![CDATA[Pablo]]>
              </value>
            </param>
            <param index="1">
              <value>
                <![CDATA[Emmerich]]>
              </value>
            </param>
            <param index="2">
              <value>
                <![CDATA[Pablo@gmail.com]]>
              </value>
            </param>
            <param index="3">
              <value>
                <![CDATA[Russian Federation]]>
              </value>
            </param>
            <param index="4">
              <value>
                <![CDATA[East Keenan]]>
              </value>
            </param>
            <param index="5">
              <value>
                <![CDATA[987 Herb Key]]>
              </value>
            </param>
            <param index="6">
              <value>
                <![CDATA[97338-9069]]>
              </value>
            </param>
            <param index="7">
              <value>
                <![CDATA[126-131-6934]]>
              </value>
            </param>
            <param index="8">
              <value>
                <![CDATA[Pablo Emmerich]]>
              </value>
            </param>
            <param index="9">
              <value>
                <![CDATA[6767-4392-0366-5278]]>
              </value>
            </param>
            <param index="10">
              <value>
                <![CDATA[1622]]>
              </value>
            </param>
            <param index="11">
              <value>
                <![CDATA[Your order has been successfully processed!]]>
              </value>
            </param>
          </params>
          <reporter-output>
          </reporter-output>
        </test-method> <!-- placeOrderWithValidCredentials -->
        <test-method is-config="true" signature="quitBrowser()[pri:0, instance:testcases.placeOrderTest@2fd953a6]" started-at="2024-04-20T03:54:27 BDT" name="quitBrowser" finished-at="2024-04-20T03:54:28 BDT" duration-ms="1127" status="PASS">
          <reporter-output>
          </reporter-output>
        </test-method> <!-- quitBrowser -->
      </class> <!-- testcases.placeOrderTest -->
      <class name="testcases.nopCommerceRegistrationPageTest">
        <test-method is-config="true" signature="setBrowser()[pri:0, instance:testcases.nopCommerceRegistrationPageTest@62010f5c]" started-at="2024-04-20T03:53:20 BDT" name="setBrowser" finished-at="2024-04-20T03:53:24 BDT" duration-ms="4309" status="PASS">
          <reporter-output>
          </reporter-output>
        </test-method> <!-- setBrowser -->
        <test-method signature="testRegisterwithValidCredentials(java.lang.String,java.lang.String,java.lang.String,java.lang.String,java.lang.String,java.lang.String,java.lang.String)[pri:0, instance:testcases.nopCommerceRegistrationPageTest@62010f5c]" started-at="2024-04-20T03:53:25 BDT" name="testRegisterwithValidCredentials" data-provider="dynamicTestData" finished-at="2024-04-20T03:53:42 BDT" duration-ms="17806" status="PASS">
          <params>
            <param index="0">
              <value>
                <![CDATA[Beulah]]>
              </value>
            </param>
            <param index="1">
              <value>
                <![CDATA[Harber]]>
              </value>
            </param>
            <param index="2">
              <value>
                <![CDATA[Beulah@gmail.com]]>
              </value>
            </param>
            <param index="3">
              <value>
                <![CDATA[Denesik and Sons]]>
              </value>
            </param>
            <param index="4">
              <value>
                <![CDATA[Beulah1234]]>
              </value>
            </param>
            <param index="5">
              <value>
                <![CDATA[Beulah1234]]>
              </value>
            </param>
            <param index="6">
              <value>
                <![CDATA[Your registration completed]]>
              </value>
            </param>
          </params>
          <reporter-output>
          </reporter-output>
        </test-method> <!-- testRegisterwithValidCredentials -->
        <test-method is-config="true" signature="quitBrowser()[pri:0, instance:testcases.nopCommerceRegistrationPageTest@62010f5c]" started-at="2024-04-20T03:53:42 BDT" name="quitBrowser" finished-at="2024-04-20T03:53:44 BDT" duration-ms="1596" status="PASS">
          <reporter-output>
          </reporter-output>
        </test-method> <!-- quitBrowser -->
      </class> <!-- testcases.nopCommerceRegistrationPageTest -->
    </test> <!-- Test -->
  </suite> <!-- Suite -->
</testng-results>
